2025-12-08 17:49:31 -HV000001: Hibernate Validator 6.2.5.Final
2025-12-08 17:49:31 -Starting ServiceApplication using Java 11.0.11 on LAPTOP-9LMH2RQN with PID 59512 (E:\JAVAnew\work\IMCommunicateSystem\im-system\service\target\classes started by Fe in E:\JAVAnew\work\IMCommunicateSystem\im-system)
2025-12-08 17:49:31 -The following 1 profile is active: "dev"
2025-12-08 17:49:32 -Multiple Spring Data modules found, entering strict repository configuration mode
2025-12-08 17:49:32 -Bootstrapping Spring Data Redis repositories in DEFAULT mode.
2025-12-08 17:49:32 -Finished Spring Data repository scanning in 8 ms. Found 0 Redis repository interfaces.
2025-12-08 17:49:33 -Tomcat initialized with port(s): 8000 (http)
2025-12-08 17:49:33 -Initializing ProtocolHandler ["http-nio-8000"]
2025-12-08 17:49:33 -Starting service [Tomcat]
2025-12-08 17:49:33 -Starting Servlet engine: [Apache Tomcat/9.0.75]
2025-12-08 17:49:33 -Initializing Spring embedded WebApplicationContext
2025-12-08 17:49:33 -Root WebApplicationContext: initialization completed in 2017 ms
2025-12-08 17:49:35 -Starting ProtocolHandler ["http-nio-8000"]
2025-12-08 17:49:35 -Tomcat started on port(s): 8000 (http) with context path ''
2025-12-08 17:49:35 -Attempting to connect to: [localhost:5672]
2025-12-08 17:49:35 -Created new connection: rabbitConnectionFactory#40fe8fd5:0/SimpleConnection@6a38e3d1 [delegate=amqp://guest@127.0.0.1:5672/, localPort= 57652]
2025-12-08 17:49:35 -Started ServiceApplication in 4.227 seconds (JVM running for 5.269)
2025-12-08 17:49:38 -Waiting for workers to finish.
2025-12-08 17:49:39 -Successfully waited for workers to finish.
2025-12-08 17:49:39 -Shutdown ignored - container is already stopped
