2025-12-09 17:01:11 -HV000001: Hibernate Validator 6.2.5.Final
2025-12-09 17:01:11 -Starting ServiceApplication using Java 11.0.11 on LAPTOP-9LMH2RQN with PID 51576 (E:\JAVAnew\work\IMCommunicateSystem\im-system\service\target\classes started by Fe in E:\JAVAnew\work\IMCommunicateSystem\im-system)
2025-12-09 17:01:11 -The following 1 profile is active: "dev"
2025-12-09 17:01:13 -Multiple Spring Data modules found, entering strict repository configuration mode
2025-12-09 17:01:13 -Bootstrapping Spring Data Redis repositories in DEFAULT mode.
2025-12-09 17:01:13 -Finished Spring Data repository scanning in 9 ms. Found 0 Redis repository interfaces.
2025-12-09 17:01:13 -Tomcat initialized with port(s): 8000 (http)
2025-12-09 17:01:13 -Initializing ProtocolHandler ["http-nio-8000"]
2025-12-09 17:01:13 -Starting service [Tomcat]
2025-12-09 17:01:13 -Starting Servlet engine: [Apache Tomcat/9.0.75]
2025-12-09 17:01:13 -Initializing Spring embedded WebApplicationContext
2025-12-09 17:01:13 -Root WebApplicationContext: initialization completed in 1765 ms
2025-12-09 17:01:15 -Starting ProtocolHandler ["http-nio-8000"]
2025-12-09 17:01:15 -Tomcat started on port(s): 8000 (http) with context path ''
2025-12-09 17:01:15 -Attempting to connect to: [localhost:5672]
2025-12-09 17:01:15 -Created new connection: rabbitConnectionFactory#6f2d3391:0/SimpleConnection@73e399cc [delegate=amqp://guest@127.0.0.1:5672/, localPort= 63448]
2025-12-09 17:01:15 -Started ServiceApplication in 4.073 seconds (JVM running for 4.981)
2025-12-09 17:02:22 -Initializing Spring DispatcherServlet 'dispatcherServlet'
2025-12-09 17:02:22 -Initializing Servlet 'dispatcherServlet'
2025-12-09 17:02:22 -Completed initialization in 1 ms
2025-12-09 17:02:22 -HikariPool-1 - Starting...
2025-12-09 17:02:22 -HikariPool-1 - Start completed.
2025-12-09 17:04:10 -Waiting for workers to finish.
2025-12-09 17:04:11 -Successfully waited for workers to finish.
2025-12-09 17:04:11 -Shutdown ignored - container is already stopped
2025-12-09 17:04:11 -HikariPool-1 - Shutdown initiated...
2025-12-09 17:04:11 -HikariPool-1 - Shutdown completed.
2025-12-09 20:10:32 -HV000001: Hibernate Validator 6.2.5.Final
2025-12-09 20:10:32 -Starting ServiceApplication using Java 11.0.11 on LAPTOP-9LMH2RQN with PID 7432 (E:\JAVAnew\work\IMCommunicateSystem\im-system\service\target\classes started by Fe in E:\JAVAnew\work\IMCommunicateSystem\im-system)
2025-12-09 20:10:32 -The following 1 profile is active: "dev"
2025-12-09 20:10:34 -Multiple Spring Data modules found, entering strict repository configuration mode
2025-12-09 20:10:34 -Bootstrapping Spring Data Redis repositories in DEFAULT mode.
2025-12-09 20:10:34 -Finished Spring Data repository scanning in 9 ms. Found 0 Redis repository interfaces.
2025-12-09 20:10:34 -Tomcat initialized with port(s): 8000 (http)
2025-12-09 20:10:34 -Initializing ProtocolHandler ["http-nio-8000"]
2025-12-09 20:10:34 -Starting service [Tomcat]
2025-12-09 20:10:34 -Starting Servlet engine: [Apache Tomcat/9.0.75]
2025-12-09 20:10:34 -Initializing Spring embedded WebApplicationContext
2025-12-09 20:10:34 -Root WebApplicationContext: initialization completed in 1699 ms
2025-12-09 20:10:36 -Starting ProtocolHandler ["http-nio-8000"]
2025-12-09 20:10:36 -Tomcat started on port(s): 8000 (http) with context path ''
2025-12-09 20:10:36 -Attempting to connect to: [localhost:5672]
2025-12-09 20:10:36 -Created new connection: rabbitConnectionFactory#3ef0e576:0/SimpleConnection@3149409c [delegate=amqp://guest@127.0.0.1:5672/, localPort= 59875]
2025-12-09 20:10:36 -Started ServiceApplication in 3.901 seconds (JVM running for 4.955)
2025-12-09 20:10:40 -Initializing Spring DispatcherServlet 'dispatcherServlet'
2025-12-09 20:10:40 -Initializing Servlet 'dispatcherServlet'
2025-12-09 20:10:40 -Completed initialization in 1 ms
2025-12-09 20:10:41 -HikariPool-1 - Starting...
2025-12-09 20:10:41 -HikariPool-1 - Start completed.
2025-12-09 20:24:40 -Waiting for workers to finish.
2025-12-09 20:24:41 -Successfully waited for workers to finish.
2025-12-09 20:24:41 -Shutdown ignored - container is already stopped
2025-12-09 20:24:41 -HikariPool-1 - Shutdown initiated...
2025-12-09 20:24:41 -HikariPool-1 - Shutdown completed.
