2025-12-07 11:12:48 -Starting ImMessageStoreApplication using Java 11.0.11 on LAPTOP-9LMH2RQN with PID 19472 (E:\JAVAnew\work\IMCommunicateSystem\im-system\im-message-store\target\classes started by Fe in E:\JAVAnew\work\IMCommunicateSystem\im-system)
2025-12-07 11:12:48 -The following 1 profile is active: "dev"
2025-12-07 11:12:48 -Tomcat initialized with port(s): 8080 (http)
2025-12-07 11:12:48 -Initializing ProtocolHandler ["http-nio-8080"]
2025-12-07 11:12:48 -Starting service [Tomcat]
2025-12-07 11:12:48 -Starting Servlet engine: [Apache Tomcat/9.0.69]
2025-12-07 11:12:49 -Initializing Spring embedded WebApplicationContext
2025-12-07 11:12:49 -Root WebApplicationContext: initialization completed in 647 ms
2025-12-07 11:12:49 -Starting ProtocolHandler ["http-nio-8080"]
2025-12-07 11:12:49 -Tomcat started on port(s): 8080 (http) with context path ''
2025-12-07 11:12:49 -Attempting to connect to: [localhost:5672]
2025-12-07 11:12:49 -Created new connection: rabbitConnectionFactory#3e43f049:0/SimpleConnection@7f5ce33e [delegate=amqp://guest@127.0.0.1:5672/, localPort= 60965]
2025-12-07 11:12:49 -Started ImMessageStoreApplication in 1.899 seconds (JVM running for 2.47)
2025-12-07 11:15:20 -HV000001: Hibernate Validator 6.2.5.Final
2025-12-07 11:15:20 -Starting ServiceApplication using Java 11.0.11 on LAPTOP-9LMH2RQN with PID 14536 (E:\JAVAnew\work\IMCommunicateSystem\im-system\service\target\classes started by Fe in E:\JAVAnew\work\IMCommunicateSystem\im-system)
2025-12-07 11:15:20 -The following 1 profile is active: "dev"
2025-12-07 11:15:22 -Multiple Spring Data modules found, entering strict repository configuration mode
2025-12-07 11:15:22 -Bootstrapping Spring Data Redis repositories in DEFAULT mode.
2025-12-07 11:15:22 -Finished Spring Data repository scanning in 8 ms. Found 0 Redis repository interfaces.
2025-12-07 11:15:22 -Tomcat initialized with port(s): 8000 (http)
2025-12-07 11:15:22 -Initializing ProtocolHandler ["http-nio-8000"]
2025-12-07 11:15:22 -Starting service [Tomcat]
2025-12-07 11:15:22 -Starting Servlet engine: [Apache Tomcat/9.0.75]
2025-12-07 11:15:22 -Initializing Spring embedded WebApplicationContext
2025-12-07 11:15:22 -Root WebApplicationContext: initialization completed in 1865 ms
2025-12-07 11:15:24 -Starting ProtocolHandler ["http-nio-8000"]
2025-12-07 11:15:24 -Tomcat started on port(s): 8000 (http) with context path ''
2025-12-07 11:15:24 -Attempting to connect to: [localhost:5672]
2025-12-07 11:15:24 -Created new connection: rabbitConnectionFactory#782cc5fa:0/SimpleConnection@73958426 [delegate=amqp://guest@127.0.0.1:5672/, localPort= 56223]
2025-12-07 11:15:24 -Started ServiceApplication in 3.756 seconds (JVM running for 4.513)
2025-12-07 11:15:31 -Waiting for workers to finish.
2025-12-07 11:15:31 -Waiting for workers to finish.
2025-12-07 11:15:31 -Successfully waited for workers to finish.
2025-12-07 11:15:31 -Successfully waited for workers to finish.
2025-12-07 11:15:31 -Shutdown ignored - container is already stopped
2025-12-07 11:15:31 -Shutdown ignored - container is already stopped
