2025-12-06 18:25:18 -HV000001: Hibernate Validator 6.2.5.Final
2025-12-06 18:25:18 -Starting ServiceApplication using Java 11.0.11 on LAPTOP-9LMH2RQN with PID 26200 (E:\JAVAnew\work\IMCommunicateSystem\im-system\service\target\classes started by Fe in E:\JAVAnew\work\IMCommunicateSystem\im-system)
2025-12-06 18:25:18 -The following 1 profile is active: "dev"
2025-12-06 18:25:20 -Multiple Spring Data modules found, entering strict repository configuration mode
2025-12-06 18:25:20 -Bootstrapping Spring Data Redis repositories in DEFAULT mode.
2025-12-06 18:25:20 -Finished Spring Data repository scanning in 9 ms. Found 0 Redis repository interfaces.
2025-12-06 18:25:20 -Tomcat initialized with port(s): 8000 (http)
2025-12-06 18:25:20 -Initializing ProtocolHandler ["http-nio-8000"]
2025-12-06 18:25:20 -Starting service [Tomcat]
2025-12-06 18:25:20 -Starting Servlet engine: [Apache Tomcat/9.0.75]
2025-12-06 18:25:20 -Initializing Spring embedded WebApplicationContext
2025-12-06 18:25:20 -Root WebApplicationContext: initialization completed in 2107 ms
2025-12-06 18:25:22 -Starting ProtocolHandler ["http-nio-8000"]
2025-12-06 18:25:22 -Tomcat started on port(s): 8000 (http) with context path ''
2025-12-06 18:25:22 -Attempting to connect to: [localhost:5672]
2025-12-06 18:25:22 -Created new connection: rabbitConnectionFactory#2bfa17b0:0/SimpleConnection@19c1f6f4 [delegate=amqp://guest@127.0.0.1:5672/, localPort= 60555]
2025-12-06 18:25:22 -Started ServiceApplication in 4.633 seconds (JVM running for 5.579)
2025-12-06 18:25:42 -Waiting for workers to finish.
2025-12-06 18:25:42 -Successfully waited for workers to finish.
2025-12-06 18:25:43 -Shutdown ignored - container is already stopped
2025-12-06 20:04:36 -Starting ImMessageStoreApplication using Java 11.0.11 on LAPTOP-9LMH2RQN with PID 31440 (E:\JAVAnew\work\IMCommunicateSystem\im-system\im-message-store\target\classes started by Fe in E:\JAVAnew\work\IMCommunicateSystem\im-system)
2025-12-06 20:04:36 -The following 1 profile is active: "dev"
2025-12-06 20:04:37 -Tomcat initialized with port(s): 8080 (http)
2025-12-06 20:04:37 -Initializing ProtocolHandler ["http-nio-8080"]
2025-12-06 20:04:37 -Starting service [Tomcat]
2025-12-06 20:04:37 -Starting Servlet engine: [Apache Tomcat/9.0.69]
2025-12-06 20:04:37 -Initializing Spring embedded WebApplicationContext
2025-12-06 20:04:37 -Root WebApplicationContext: initialization completed in 670 ms
2025-12-06 20:04:38 -Starting ProtocolHandler ["http-nio-8080"]
2025-12-06 20:04:38 -Tomcat started on port(s): 8080 (http) with context path ''
2025-12-06 20:04:38 -Attempting to connect to: [localhost:5672]
2025-12-06 20:04:38 -Created new connection: rabbitConnectionFactory#30b3d899:0/SimpleConnection@563317c1 [delegate=amqp://guest@127.0.0.1:5672/, localPort= 62260]
2025-12-06 20:04:38 -Started ImMessageStoreApplication in 2.038 seconds (JVM running for 2.635)
2025-12-06 20:04:45 -Waiting for workers to finish.
2025-12-06 20:04:45 -Successfully waited for workers to finish.
2025-12-06 20:04:45 -Shutdown ignored - container is already stopped
